#
# There is insufficient memory for the Java Runtime Environment to continue.
# Native memory allocation (malloc) failed to allocate 32744 bytes for ChunkPool::allocate
# Possible reasons:
#   The system is out of physical RAM or swap space
#   The process is running with CompressedOops enabled, and the Java Heap may be blocking the growth of the native heap
# Possible solutions:
#   Reduce memory load on the system
#   Increase physical memory or swap space
#   Check if swap backing store is full
#   Decrease Java heap size (-Xmx/-Xms)
#   Decrease number of Java threads
#   Decrease Java thread stack sizes (-Xss)
#   Set larger code cache with -XX:ReservedCodeCacheSize=
#   JVM is running with Unscaled Compressed Oops mode in which the Java heap is
#     placed in the first 4GB address space. The Java Heap base address is the
#     maximum limit for the native heap growth. Please use -XX:HeapBaseMinAddress
#     to set the Java Heap base and to place the Java Heap above 4GB virtual address.
# This output file may be truncated or incomplete.
#
#  Out of Memory Error (allocation.cpp:272), pid=8320, tid=0x0000000000002710
#
# JRE version: Java(TM) SE Runtime Environment (8.0_321-b07) (build 1.8.0_321-b07)
# Java VM: Java HotSpot(TM) 64-Bit Server VM (25.321-b07 mixed mode windows-amd64 compressed oops)
# Failed to write core dump. Minidumps are not enabled by default on client versions of Windows
#

---------------  T H R E A D  ---------------

Current thread (0x000002403c279000):  JavaThread "main" [_thread_in_vm, id=10000, stack(0x000000cf8ef00000,0x000000cf8f000000)]

Stack: [0x000000cf8ef00000,0x000000cf8f000000]
Native frames: (J=compiled Java code, j=interpreted, Vv=VM code, C=native code)
V  [jvm.dll+0x32fc49]

Java frames: (J=compiled Java code, j=interpreted, Vv=VM code)
j  org.apache.maven.toolchain.io.DefaultToolchainsWriter.write(Ljava/io/Writer;Ljava/util/Map;Lorg/apache/maven/toolchain/model/PersistedToolchains;)V+20
j  org.apache.maven.toolchain.building.DefaultToolchainsBuilder.interpolate(Lorg/apache/maven/toolchain/model/PersistedToolchains;Lorg/apache/maven/building/ProblemCollector;)Lorg/apache/maven/toolchain/model/PersistedToolchains;+18
j  org.apache.maven.toolchain.building.DefaultToolchainsBuilder.build(Lorg/apache/maven/toolchain/building/ToolchainsBuildingRequest;)Lorg/apache/maven/toolchain/building/ToolchainsBuildingResult;+56
j  org.apache.maven.cli.MavenCli.toolchains(Lorg/apache/maven/cli/CliRequest;)V+288
j  org.apache.maven.cli.MavenCli.doMain(Lorg/apache/maven/cli/CliRequest;)I+45
j  org.apache.maven.cli.MavenCli.main([Ljava/lang/String;Lorg/codehaus/plexus/classworlds/ClassWorld;)I+24
v  ~StubRoutines::call_stub
j  sun.reflect.NativeMethodAccessorImpl.invoke0(Ljava/lang/reflect/Method;Ljava/lang/Object;[Ljava/lang/Object;)Ljava/lang/Object;+0
j  sun.reflect.NativeMethodAccessorImpl.invoke(Ljava/lang/Object;[Ljava/lang/Object;)Ljava/lang/Object;+100
j  sun.reflect.DelegatingMethodAccessorImpl.invoke(Ljava/lang/Object;[Ljava/lang/Object;)Ljava/lang/Object;+6
j  java.lang.reflect.Method.invoke(Ljava/lang/Object;[Ljava/lang/Object;)Ljava/lang/Object;+56
j  org.codehaus.plexus.classworlds.launcher.Launcher.launchEnhanced([Ljava/lang/String;)V+45
j  org.codehaus.plexus.classworlds.launcher.Launcher.launch([Ljava/lang/String;)V+2
j  org.codehaus.plexus.classworlds.launcher.Launcher.mainWithExitCode([Ljava/lang/String;)I+101
j  org.codehaus.plexus.classworlds.launcher.Launcher.main([Ljava/lang/String;)V+1
j  org.codehaus.classworlds.Launcher.main([Ljava/lang/String;)V+1
v  ~StubRoutines::call_stub

---------------  P R O C E S S  ---------------

Java Threads: ( => current thread )
  0x0000024053a4e000 JavaThread "Service Thread" daemon [_thread_blocked, id=12552, stack(0x000000cf90200000,0x000000cf90300000)]
  0x00000240539a9800 JavaThread "C1 CompilerThread3" daemon [_thread_blocked, id=2000, stack(0x000000cf90100000,0x000000cf90200000)]
  0x0000024053999000 JavaThread "C2 CompilerThread2" daemon [_thread_in_native, id=16996, stack(0x000000cf90000000,0x000000cf90100000)]
  0x0000024053997800 JavaThread "C2 CompilerThread1" daemon [_thread_in_native, id=15964, stack(0x000000cf8ff00000,0x000000cf90000000)]
  0x0000024053995800 JavaThread "C2 CompilerThread0" daemon [_thread_in_native, id=15732, stack(0x000000cf8fe00000,0x000000cf8ff00000)]
  0x000002405398c000 JavaThread "Monitor Ctrl-Break" daemon [_thread_in_native, id=11908, stack(0x000000cf8fd00000,0x000000cf8fe00000)]
  0x0000024051bd8800 JavaThread "Attach Listener" daemon [_thread_blocked, id=15132, stack(0x000000cf8fc00000,0x000000cf8fd00000)]
  0x0000024051bea000 JavaThread "Signal Dispatcher" daemon [_thread_blocked, id=16228, stack(0x000000cf8fb00000,0x000000cf8fc00000)]
  0x0000024051b68800 JavaThread "Finalizer" daemon [_thread_blocked, id=15980, stack(0x000000cf8fa00000,0x000000cf8fb00000)]
  0x0000024051b60000 JavaThread "Reference Handler" daemon [_thread_blocked, id=8836, stack(0x000000cf8f900000,0x000000cf8fa00000)]
=>0x000002403c279000 JavaThread "main" [_thread_in_vm, id=10000, stack(0x000000cf8ef00000,0x000000cf8f000000)]

Other Threads:
  0x0000024051b38000 VMThread [stack: 0x000000cf8f800000,0x000000cf8f900000] [id=13536]
  0x0000024053a57800 WatcherThread [stack: 0x000000cf90300000,0x000000cf90400000] [id=14820]

VM state:not at safepoint (normal execution)

VM Mutex/Monitor currently owned by a thread: None

heap address: 0x0000000091800000, size: 1768 MB, Compressed Oops mode: 32-bit
Narrow klass base: 0x0000000000000000, Narrow klass shift: 3
Compressed class space size: 1073741824 Address: 0x0000000100000000

Heap:
 PSYoungGen      total 33280K, used 7571K [0x00000000db300000, 0x00000000dd800000, 0x0000000100000000)
  eden space 28672K, 10% used [0x00000000db300000,0x00000000db5e4fd8,0x00000000dcf00000)
  from space 4608K, 99% used [0x00000000dcf00000,0x00000000dd37ff90,0x00000000dd380000)
  to   space 4608K, 0% used [0x00000000dd380000,0x00000000dd380000,0x00000000dd800000)
 ParOldGen       total 76800K, used 3903K [0x0000000091800000, 0x0000000096300000, 0x00000000db300000)
  object space 76800K, 5% used [0x0000000091800000,0x0000000091bcfe48,0x0000000096300000)
 Metaspace       used 14250K, capacity 14536K, committed 14720K, reserved 1062912K
  class space    used 1755K, capacity 1844K, committed 1920K, reserved 1048576K

Card table byte_map: [0x000002404d050000,0x000002404d3d0000] byte_map_base: 0x000002404cbc4000

Marking Bits: (ParMarkBitMap*) 0x0000000076209030
 Begin Bits: [0x000002404d620000, 0x000002404f1c0000)
 End Bits:   [0x000002404f1c0000, 0x0000024050d60000)

Polling page: 0x000002403c4a0000

CodeCache: size=245760Kb used=5648Kb max_used=5663Kb free=240111Kb
 bounds [0x000002403dc90000, 0x000002403e220000, 0x000002404cc90000]
 total_blobs=1992 nmethods=1637 adapters=268
 compilation: enabled

Compilation events (10 events):
Event: 3.023 Thread 0x00000240539a9800 1635       3       java.io.FileOutputStream::write (12 bytes)
Event: 3.024 Thread 0x00000240539a9800 nmethod 1635 0x000002403e213210 code [0x000002403e213380, 0x000002403e213510]
Event: 3.024 Thread 0x00000240539a9800 1639   !   3       java.io.BufferedWriter::write (117 bytes)
Event: 3.024 Thread 0x00000240539a9800 nmethod 1639 0x000002403e2135d0 code [0x000002403e2137a0, 0x000002403e213f10]
Event: 3.024 Thread 0x00000240539a9800 1640       3       java.io.BufferedWriter::min (9 bytes)
Event: 3.025 Thread 0x00000240539a9800 nmethod 1640 0x000002403e214350 code [0x000002403e2144a0, 0x000002403e214638]
Event: 3.025 Thread 0x00000240539a9800 1637       3       java.io.OutputStream::flush (1 bytes)
Event: 3.025 Thread 0x00000240539a9800 nmethod 1637 0x000002403e2146d0 code [0x000002403e214820, 0x000002403e214978]
Event: 3.025 Thread 0x00000240539a9800 1638       3       sun.nio.cs.StreamEncoder::ensureOpen (18 bytes)
Event: 3.025 Thread 0x00000240539a9800 nmethod 1638 0x000002403e214a10 code [0x000002403e214b80, 0x000002403e214dd0]

GC Heap History (6 events):
Event: 1.729 GC heap before
{Heap before GC invocations=1 (full 0):
 PSYoungGen      total 33280K, used 28672K [0x00000000db300000, 0x00000000dd800000, 0x0000000100000000)
  eden space 28672K, 100% used [0x00000000db300000,0x00000000dcf00000,0x00000000dcf00000)
  from space 4608K, 0% used [0x00000000dd380000,0x00000000dd380000,0x00000000dd800000)
  to   space 4608K, 0% used [0x00000000dcf00000,0x00000000dcf00000,0x00000000dd380000)
 ParOldGen       total 76800K, used 0K [0x0000000091800000, 0x0000000096300000, 0x00000000db300000)
  object space 76800K, 0% used [0x0000000091800000,0x0000000091800000,0x0000000096300000)
 Metaspace       used 8791K, capacity 8956K, committed 9088K, reserved 1056768K
  class space    used 1040K, capacity 1112K, committed 1152K, reserved 1048576K
Event: 1.736 GC heap after
Heap after GC invocations=1 (full 0):
 PSYoungGen      total 33280K, used 4576K [0x00000000db300000, 0x00000000dd800000, 0x0000000100000000)
  eden space 28672K, 0% used [0x00000000db300000,0x00000000db300000,0x00000000dcf00000)
  from space 4608K, 99% used [0x00000000dcf00000,0x00000000dd378280,0x00000000dd380000)
  to   space 4608K, 0% used [0x00000000dd380000,0x00000000dd380000,0x00000000dd800000)
 ParOldGen       total 76800K, used 547K [0x0000000091800000, 0x0000000096300000, 0x00000000db300000)
  object space 76800K, 0% used [0x0000000091800000,0x0000000091888fe8,0x0000000096300000)
 Metaspace       used 8791K, capacity 8956K, committed 9088K, reserved 1056768K
  class space    used 1040K, capacity 1112K, committed 1152K, reserved 1048576K
}
Event: 2.177 GC heap before
{Heap before GC invocations=2 (full 0):
 PSYoungGen      total 33280K, used 33248K [0x00000000db300000, 0x00000000dd800000, 0x0000000100000000)
  eden space 28672K, 100% used [0x00000000db300000,0x00000000dcf00000,0x00000000dcf00000)
  from space 4608K, 99% used [0x00000000dcf00000,0x00000000dd378280,0x00000000dd380000)
  to   space 4608K, 0% used [0x00000000dd380000,0x00000000dd380000,0x00000000dd800000)
 ParOldGen       total 76800K, used 547K [0x0000000091800000, 0x0000000096300000, 0x00000000db300000)
  object space 76800K, 0% used [0x0000000091800000,0x0000000091888fe8,0x0000000096300000)
 Metaspace       used 10838K, capacity 11016K, committed 11136K, reserved 1058816K
  class space    used 1309K, capacity 1348K, committed 1408K, reserved 1048576K
Event: 2.184 GC heap after
Heap after GC invocations=2 (full 0):
 PSYoungGen      total 33280K, used 4607K [0x00000000db300000, 0x00000000dd800000, 0x0000000100000000)
  eden space 28672K, 0% used [0x00000000db300000,0x00000000db300000,0x00000000dcf00000)
  from space 4608K, 99% used [0x00000000dd380000,0x00000000dd7ffc60,0x00000000dd800000)
  to   space 4608K, 0% used [0x00000000dcf00000,0x00000000dcf00000,0x00000000dd380000)
 ParOldGen       total 76800K, used 1661K [0x0000000091800000, 0x0000000096300000, 0x00000000db300000)
  object space 76800K, 2% used [0x0000000091800000,0x000000009199f600,0x0000000096300000)
 Metaspace       used 10838K, capacity 11016K, committed 11136K, reserved 1058816K
  class space    used 1309K, capacity 1348K, committed 1408K, reserved 1048576K
}
Event: 2.918 GC heap before
{Heap before GC invocations=3 (full 0):
 PSYoungGen      total 33280K, used 33279K [0x00000000db300000, 0x00000000dd800000, 0x0000000100000000)
  eden space 28672K, 100% used [0x00000000db300000,0x00000000dcf00000,0x00000000dcf00000)
  from space 4608K, 99% used [0x00000000dd380000,0x00000000dd7ffc60,0x00000000dd800000)
  to   space 4608K, 0% used [0x00000000dcf00000,0x00000000dcf00000,0x00000000dd380000)
 ParOldGen       total 76800K, used 1661K [0x0000000091800000, 0x0000000096300000, 0x00000000db300000)
  object space 76800K, 2% used [0x0000000091800000,0x000000009199f600,0x0000000096300000)
 Metaspace       used 13904K, capacity 14146K, committed 14464K, reserved 1062912K
  class space    used 1727K, capacity 1806K, committed 1920K, reserved 1048576K
Event: 2.928 GC heap after
Heap after GC invocations=3 (full 0):
 PSYoungGen      total 33280K, used 4607K [0x00000000db300000, 0x00000000dd800000, 0x0000000100000000)
  eden space 28672K, 0% used [0x00000000db300000,0x00000000db300000,0x00000000dcf00000)
  from space 4608K, 99% used [0x00000000dcf00000,0x00000000dd37ff90,0x00000000dd380000)
  to   space 4608K, 0% used [0x00000000dd380000,0x00000000dd380000,0x00000000dd800000)
 ParOldGen       total 76800K, used 3903K [0x0000000091800000, 0x0000000096300000, 0x00000000db300000)
  object space 76800K, 5% used [0x0000000091800000,0x0000000091bcfe48,0x0000000096300000)
 Metaspace       used 13904K, capacity 14146K, committed 14464K, reserved 1062912K
  class space    used 1727K, capacity 1806K, committed 1920K, reserved 1048576K
}

Deoptimization events (10 events):
Event: 1.674 Thread 0x000002403c279000 Uncommon trap: reason=unstable_if action=reinterpret pc=0x000002403de8e324 method=org.codehaus.plexus.util.xml.pull.MXParser.more()C @ 8
Event: 1.745 Thread 0x000002403c279000 Uncommon trap: reason=unstable_if action=reinterpret pc=0x000002403df88a8c method=java.nio.charset.CoderResult.isOverflow()Z @ 5
Event: 1.830 Thread 0x000002403c279000 Uncommon trap: reason=unstable_if action=reinterpret pc=0x000002403dfb0080 method=sun.nio.cs.StreamDecoder.implRead([CII)I @ 197
Event: 1.835 Thread 0x000002403c279000 Uncommon trap: reason=unstable_if action=reinterpret pc=0x000002403dfa47b0 method=org.codehaus.plexus.util.xml.pull.MXParser.nextImpl()I @ 241
Event: 1.836 Thread 0x000002403c279000 Uncommon trap: reason=unstable_if action=reinterpret pc=0x000002403df97f24 method=sun.nio.cs.StreamDecoder.implRead([CII)I @ 197
Event: 1.902 Thread 0x000002403c279000 Uncommon trap: reason=unstable_if action=reinterpret pc=0x000002403df3f740 method=java.util.HashMap.getNode(ILjava/lang/Object;)Ljava/util/HashMap$Node; @ 129
Event: 2.956 Thread 0x000002403c279000 Uncommon trap: reason=null_check action=make_not_entrant pc=0x000002403de88c64 method=java.lang.String.equals(Ljava/lang/Object;)Z @ 8
Event: 2.965 Thread 0x000002403c279000 Uncommon trap: reason=unstable_if action=reinterpret pc=0x000002403dec0e68 method=sun.misc.MetaIndex.mayContain(Ljava/lang/String;)Z @ 38
Event: 2.990 Thread 0x000002403c279000 Uncommon trap: reason=unstable_if action=reinterpret pc=0x000002403df68508 method=sun.nio.cs.UTF_8$Decoder.decodeArrayLoop(Ljava/nio/ByteBuffer;Ljava/nio/CharBuffer;)Ljava/nio/charset/CoderResult; @ 84
Event: 2.990 Thread 0x000002403c279000 Uncommon trap: reason=unstable_if action=reinterpret pc=0x000002403dfabda8 method=java.nio.charset.CharsetDecoder.decode(Ljava/nio/ByteBuffer;Ljava/nio/CharBuffer;Z)Ljava/nio/charset/CoderResult; @ 105

Classes redefined (0 events):
No events

Internal exceptions (10 events):
Event: 0.230 Thread 0x000002403c279000 Exception <a 'java/security/PrivilegedActionException'> (0x00000000db3d8470) thrown at [C:\jenkins\workspace\8-2-build-windows-amd64-cygwin\jdk8u321\2141\hotspot\src\share\vm\prims\jvm.cpp, line 1523]
Event: 0.230 Thread 0x000002403c279000 Exception <a 'java/security/PrivilegedActionException'> (0x00000000db3d8680) thrown at [C:\jenkins\workspace\8-2-build-windows-amd64-cygwin\jdk8u321\2141\hotspot\src\share\vm\prims\jvm.cpp, line 1523]
Event: 0.442 Thread 0x000002403c279000 Exception <a 'java/security/PrivilegedActionException'> (0x00000000db7f9c80) thrown at [C:\jenkins\workspace\8-2-build-windows-amd64-cygwin\jdk8u321\2141\hotspot\src\share\vm\prims\jvm.cpp, line 1523]
Event: 0.442 Thread 0x000002403c279000 Exception <a 'java/security/PrivilegedActionException'> (0x00000000db7fa078) thrown at [C:\jenkins\workspace\8-2-build-windows-amd64-cygwin\jdk8u321\2141\hotspot\src\share\vm\prims\jvm.cpp, line 1523]
Event: 0.444 Thread 0x000002403c279000 Exception <a 'java/security/PrivilegedActionException'> (0x00000000db7fe170) thrown at [C:\jenkins\workspace\8-2-build-windows-amd64-cygwin\jdk8u321\2141\hotspot\src\share\vm\prims\jvm.cpp, line 1523]
Event: 0.444 Thread 0x000002403c279000 Exception <a 'java/security/PrivilegedActionException'> (0x00000000db7fe568) thrown at [C:\jenkins\workspace\8-2-build-windows-amd64-cygwin\jdk8u321\2141\hotspot\src\share\vm\prims\jvm.cpp, line 1523]
Event: 2.796 Thread 0x000002403c279000 Exception <a 'java/lang/NoClassDefFoundError': com/google/inject/servlet/ServletModuleTargetVisitor> (0x00000000dcbc38f8) thrown at [C:\jenkins\workspace\8-2-build-windows-amd64-cygwin\jdk8u321\2141\hotspot\src\share\vm\classfile\systemDictionary.cpp, lin
Event: 2.796 Thread 0x000002403c279000 Exception <a 'java/lang/NoClassDefFoundError'> (0x00000000dcbc38f8) thrown at [C:\jenkins\workspace\8-2-build-windows-amd64-cygwin\jdk8u321\2141\hotspot\src\share\vm\prims\jvm.cpp, line 1527]
Event: 2.796 Thread 0x000002403c279000 Exception <a 'java/lang/NoClassDefFoundError': javax/annotation/Priority> (0x00000000dcbc8728) thrown at [C:\jenkins\workspace\8-2-build-windows-amd64-cygwin\jdk8u321\2141\hotspot\src\share\vm\classfile\systemDictionary.cpp, line 201]
Event: 2.956 Thread 0x000002403c279000 Implicit null exception at 0x000002403de88a9b to 0x000002403de88c55

Events (10 events):
Event: 3.026 loading class org/apache/maven/building/DefaultProblemCollector
Event: 3.026 loading class org/apache/maven/building/DefaultProblemCollector done
Event: 3.029 loading class org/apache/maven/toolchain/model/io/xpp3/MavenToolchainsXpp3Reader
Event: 3.029 loading class org/apache/maven/toolchain/model/io/xpp3/MavenToolchainsXpp3Reader done
Event: 3.031 loading class org/apache/maven/toolchain/model/io/xpp3/MavenToolchainsXpp3Reader$ContentTransformer
Event: 3.031 loading class org/apache/maven/toolchain/model/io/xpp3/MavenToolchainsXpp3Reader$ContentTransformer done
Event: 3.032 loading class org/apache/maven/toolchain/model/io/xpp3/MavenToolchainsXpp3Reader$1
Event: 3.032 loading class org/apache/maven/toolchain/model/io/xpp3/MavenToolchainsXpp3Reader$1 done
Event: 3.035 loading class org/apache/maven/toolchain/model/io/xpp3/MavenToolchainsXpp3Writer
Event: 3.035 loading class org/apache/maven/toolchain/model/io/xpp3/MavenToolchainsXpp3Writer done


Dynamic libraries:
0x00007ff7a0510000 - 0x00007ff7a0557000 	C:\Program Files\Java\jdk1.8.0_321\bin\java.exe
0x00007ffeeaf30000 - 0x00007ffeeb125000 	C:\WINDOWS\SYSTEM32\ntdll.dll
0x00007ffee95c0000 - 0x00007ffee967e000 	C:\WINDOWS\System32\KERNEL32.DLL
0x00007ffee8a30000 - 0x00007ffee8cf8000 	C:\WINDOWS\System32\KERNELBASE.dll
0x00007ffee9480000 - 0x00007ffee952e000 	C:\WINDOWS\System32\ADVAPI32.dll
0x00007ffeea2e0000 - 0x00007ffeea37e000 	C:\WINDOWS\System32\msvcrt.dll
0x00007ffee9fb0000 - 0x00007ffeea04c000 	C:\WINDOWS\System32\sechost.dll
0x00007ffee9680000 - 0x00007ffee97a5000 	C:\WINDOWS\System32\RPCRT4.dll
0x00007ffee9270000 - 0x00007ffee9410000 	C:\WINDOWS\System32\USER32.dll
0x00007ffee8800000 - 0x00007ffee8822000 	C:\WINDOWS\System32\win32u.dll
0x00007ffeea530000 - 0x00007ffeea55b000 	C:\WINDOWS\System32\GDI32.dll
0x00007ffee8650000 - 0x00007ffee875b000 	C:\WINDOWS\System32\gdi32full.dll
0x00007ffee8760000 - 0x00007ffee87fd000 	C:\WINDOWS\System32\msvcp_win.dll
0x00007ffee8e90000 - 0x00007ffee8f90000 	C:\WINDOWS\System32\ucrtbase.dll
0x00007ffed4b50000 - 0x00007ffed4dea000 	C:\WINDOWS\WinSxS\amd64_microsoft.windows.common-controls_6595b64144ccf1df_6.0.19041.1110_none_60b5254171f9507e\COMCTL32.dll
0x00007ffee9170000 - 0x00007ffee91a0000 	C:\WINDOWS\System32\IMM32.DLL
0x00007ffee3f40000 - 0x00007ffee3f55000 	C:\Program Files\Java\jdk1.8.0_321\jre\bin\vcruntime140.dll
0x00007ffee10a0000 - 0x00007ffee113b000 	C:\Program Files\Java\jdk1.8.0_321\jre\bin\msvcp140.dll
0x0000000075a20000 - 0x0000000076281000 	C:\Program Files\Java\jdk1.8.0_321\jre\bin\server\jvm.dll
0x00007ffee9200000 - 0x00007ffee9208000 	C:\WINDOWS\System32\PSAPI.DLL
0x00007ffedf320000 - 0x00007ffedf32a000 	C:\WINDOWS\SYSTEM32\VERSION.dll
0x00007ffedee30000 - 0x00007ffedee39000 	C:\WINDOWS\SYSTEM32\WSOCK32.dll
0x00007ffee5440000 - 0x00007ffee5467000 	C:\WINDOWS\SYSTEM32\WINMM.dll
0x00007ffee9550000 - 0x00007ffee95bb000 	C:\WINDOWS\System32\WS2_32.dll
0x00007ffee6f40000 - 0x00007ffee6f52000 	C:\WINDOWS\SYSTEM32\kernel.appcore.dll
0x00007ffee3f30000 - 0x00007ffee3f40000 	C:\Program Files\Java\jdk1.8.0_321\jre\bin\verify.dll
0x00007ffee2a40000 - 0x00007ffee2a6b000 	C:\Program Files\Java\jdk1.8.0_321\jre\bin\java.dll
0x00007ffedc370000 - 0x00007ffedc3a0000 	C:\Program Files\Java\jdk1.8.0_321\jre\bin\instrument.dll
0x00007ffee2990000 - 0x00007ffee29a8000 	C:\Program Files\Java\jdk1.8.0_321\jre\bin\zip.dll
0x00007ffee97b0000 - 0x00007ffee9ef4000 	C:\WINDOWS\System32\SHELL32.dll
0x00007ffee62b0000 - 0x00007ffee6a44000 	C:\WINDOWS\SYSTEM32\windows.storage.dll
0x00007ffeea560000 - 0x00007ffeea8b4000 	C:\WINDOWS\System32\combase.dll
0x00007ffee7fe0000 - 0x00007ffee800c000 	C:\WINDOWS\SYSTEM32\Wldp.dll
0x00007ffee9f00000 - 0x00007ffee9fad000 	C:\WINDOWS\System32\SHCORE.dll
0x00007ffee91a0000 - 0x00007ffee91f5000 	C:\WINDOWS\System32\shlwapi.dll
0x00007ffee8590000 - 0x00007ffee85af000 	C:\WINDOWS\SYSTEM32\profapi.dll
0x00007ffedc350000 - 0x00007ffedc36a000 	D:\IntelliJ IDEA 2020.2\bin\breakgen64.dll
0x00007ffee1940000 - 0x00007ffee195c000 	C:\Program Files\Java\jdk1.8.0_321\jre\bin\net.dll
0x00007ffee7d40000 - 0x00007ffee7daa000 	C:\WINDOWS\system32\mswsock.dll
0x00007ffee7f30000 - 0x00007ffee7f48000 	C:\WINDOWS\SYSTEM32\CRYPTSP.dll
0x00007ffee76c0000 - 0x00007ffee76f4000 	C:\WINDOWS\system32\rsaenh.dll
0x00007ffee8d00000 - 0x00007ffee8d27000 	C:\WINDOWS\System32\bcrypt.dll
0x00007ffee84e0000 - 0x00007ffee850e000 	C:\WINDOWS\SYSTEM32\USERENV.dll
0x00007ffee8880000 - 0x00007ffee8902000 	C:\WINDOWS\System32\bcryptprimitives.dll
0x00007ffee7f50000 - 0x00007ffee7f5c000 	C:\WINDOWS\SYSTEM32\CRYPTBASE.dll
0x00007ffee7a30000 - 0x00007ffee7a6b000 	C:\WINDOWS\SYSTEM32\IPHLPAPI.DLL
0x00007ffeeadc0000 - 0x00007ffeeadc8000 	C:\WINDOWS\System32\NSI.dll
0x00007ffee0160000 - 0x00007ffee0177000 	C:\WINDOWS\SYSTEM32\dhcpcsvc6.DLL
0x00007ffee0140000 - 0x00007ffee015d000 	C:\WINDOWS\SYSTEM32\dhcpcsvc.DLL
0x00007ffee7a70000 - 0x00007ffee7b3a000 	C:\WINDOWS\SYSTEM32\DNSAPI.dll
0x00007ffee1650000 - 0x00007ffee1663000 	C:\Program Files\Java\jdk1.8.0_321\jre\bin\nio.dll
0x00007ffee0e20000 - 0x00007ffee0e2a000 	C:\Users\crh80\AppData\Local\Temp\jansi-1.17.1-4497782412545774289.dll
0x00007ffedc150000 - 0x00007ffedc15a000 	C:\Users\crh80\AppData\Local\Temp\jansi-1.17.1-7543285750680711842.dll

VM Arguments:
jvm_args: -Dmaven.multiModuleProjectDirectory=D:\ideaWorkplace\fmmall\api -Dmaven.home=D:\IntelliJ IDEA 2020.2\plugins\maven\lib\maven3 -Dclassworlds.conf=D:\IntelliJ IDEA 2020.2\plugins\maven\lib\maven3\bin\m2.conf -Dmaven.ext.class.path=D:\IntelliJ IDEA 2020.2\plugins\maven\lib\maven-event-listener.jar -javaagent:D:\IntelliJ IDEA 2020.2\lib\idea_rt.jar=1028:D:\IntelliJ IDEA 2020.2\bin -Dfile.encoding=UTF-8 
java_command: org.codehaus.classworlds.Launcher -Didea.version=2020.2 -s D:\Maven\apache-maven-3.6.3\conf\settings.xml -Dmaven.repo.local=D:\repo -DskipTests=true clean
java_class_path (initial): D:\IntelliJ IDEA 2020.2\plugins\maven\lib\maven3\boot\plexus-classworlds-2.6.0.jar;D:\IntelliJ IDEA 2020.2\plugins\maven\lib\maven3\boot\plexus-classworlds.license;D:\IntelliJ IDEA 2020.2\lib\idea_rt.jar
Launcher Type: SUN_STANDARD

Environment Variables:
JAVA_HOME=C:\Program Files\Java\jdk1.8.0_321
PATH=C:\Program Files (x86)\Common Files\Oracle\Java\javapath;C:\Program Files (x86)\Razer Chroma SDK\bin;C:\Program Files\Razer Chroma SDK\bin;C:\Program Files (x86)\Razer\ChromaBroadcast\bin;C:\Program Files\Razer\ChromaBroadcast\bin;C:\Windows\system32;C:\Windows;C:\Windows\System32\Wbem;C:\Windows\System32\WindowsPowerShell\v1.0\;C:\Windows\System32\OpenSSH\;D:\QuickTime\QTSystem\;C:\Users\crh80\AppData\Local\Microsoft\WindowsApps;C:\WINDOWS\system32;C:\WINDOWS;C:\WINDOWS\System32\Wbem;C:\WINDOWS\System32\WindowsPowerShell\v1.0\;C:\WINDOWS\System32\OpenSSH\;C:\Program Files\Intel\WiFi\bin\;C:\Program Files\Common Files\Intel\WirelessCommon\;C:\WINDOWS\system32\config\systemprofile\AppData\Local\Microsoft\WindowsApps;C:\Program Files\dotnet\;C:\Program Files\MacType;"C:\Program Files\nodejs\C:\Program Files\nodejs;C:\Program Files (x86)\Microsoft SQL Server\100\Tools\Binn\;C:\Program Files\Microsoft SQL Server\100\Tools\Binn\;C:\Program Files\Microsoft SQL Server\100\DTS\Binn\;C:\Program Files\Common Files\Autodesk Shared\;C:\WINDOWS\system32;C:\WINDOWS;C:\WINDOWS\System32\Wbem;C:\WINDOWS\System32\WindowsPowerShell\v1.0\;C:\WINDOWS\System32\OpenSSH\";D:\mingw64\bin\;D:\Git\cmd;D:\Maven\apache-maven-3.6.3\bin;D:\mysql\mysql-8.0.27-winx64\bin;C:\Program Files\Java\jdk1.8.0_321\bin;D:\Xftp7\;D:\XShell7\;D:\mingw64\bin;C:\Users\crh80\AppData\Local\Microsoft\WindowsApps;D:\Bandizip\;C:\Users\crh80\AppData\Roaming\npm;C:\Program Files\nodejs;D:\Microsoft VS Code\bin;
USERNAME=crh80
OS=Windows_NT
PROCESSOR_IDENTIFIER=AMD64 Family 23 Model 17 Stepping 0, AuthenticAMD



---------------  S Y S T E M  ---------------

OS: Windows 10 , 64 bit Build 19041 (10.0.19041.1566)

CPU:total 8 (initial active 8) (8 cores per cpu, 1 threads per core) family 23 model 17 stepping 0, cmov, cx8, fxsr, mmx, sse, sse2, sse3, ssse3, sse4.1, sse4.2, popcnt, avx, avx2, aes, clmul, mmxext, 3dnowpref, lzcnt, sse4a, tsc, tscinvbit, tscinv, bmi1

Memory: 4k page, physical 7239248k(1061640k free), swap 9052472k(3096k free)

vm_info: Java HotSpot(TM) 64-Bit Server VM (25.321-b07) for windows-amd64 JRE (1.8.0_321-b07), built on Dec 15 2021 11:19:20 by "java_re" with MS VC++ 15.9 (VS2017)

time: Thu May 19 13:28:05 2022
timezone: 中国标准时间
elapsed time: 3.059239 seconds (0d 0h 0m 3s)

